0 info it worked if it ends with ok
1 verbose cli [ 'node', '/usr/local/bin/npm', 'run-script', 'staging' ]
2 info using npm@2.5.1
3 info using node@v0.12.1
4 verbose run-script [ 'prestaging', 'staging', 'poststaging' ]
5 info prestaging worldbank_api@0.0.15
6 info staging worldbank_api@0.0.15
7 verbose unsafe-perm in lifecycle true
8 info worldbank_api@0.0.15 Failed to exec staging script
9 verbose stack Error: worldbank_api@0.0.15 staging: `sh staging.sh`
9 verbose stack Exit status 1
9 verbose stack     at EventEmitter.<anonymous> (/usr/local/lib/node_modules/npm/lib/utils/lifecycle.js:213:16)
9 verbose stack     at EventEmitter.emit (events.js:110:17)
9 verbose stack     at ChildProcess.<anonymous> (/usr/local/lib/node_modules/npm/lib/utils/spawn.js:14:12)
9 verbose stack     at ChildProcess.emit (events.js:110:17)
9 verbose stack     at maybeClose (child_process.js:1008:16)
9 verbose stack     at Process.ChildProcess._handle.onexit (child_process.js:1080:5)
10 verbose pkgid worldbank_api@0.0.15
11 verbose cwd /Users/johnny/Documents/Projects/WorldBank-API/server
12 error Darwin 14.1.0
13 error argv "node" "/usr/local/bin/npm" "run-script" "staging"
14 error node v0.12.1
15 error npm  v2.5.1
16 error code ELIFECYCLE
17 error worldbank_api@0.0.15 staging: `sh staging.sh`
17 error Exit status 1
18 error Failed at the worldbank_api@0.0.15 staging script 'sh staging.sh'.
18 error This is most likely a problem with the worldbank_api package,
18 error not with npm itself.
18 error Tell the author that this fails on your system:
18 error     sh staging.sh
18 error You can get their info via:
18 error     npm owner ls worldbank_api
18 error There is likely additional logging output above.
19 verbose exit [ 1, true ]
