{"level":"notice","message":"*** starting actionhero ***","timestamp":"2015-04-09T15:41:38.330Z"}
{"level":"warning","message":"running with fakeredis","timestamp":"2015-04-09T15:41:38.349Z"}
{"level":"debug","message":"action loaded: gameData @ v1, /Users/johnny/Documents/Projects/WorldBank-API/server/actions/gameData.js","timestamp":"2015-04-09T15:41:38.360Z"}
{"level":"debug","message":"action loaded: login @ v1, /Users/johnny/Documents/Projects/WorldBank-API/server/actions/login.js","timestamp":"2015-04-09T15:41:38.361Z"}
{"level":"debug","message":"action loaded: showDocumentation @ v1, /Users/johnny/Documents/Projects/WorldBank-API/server/actions/showDocumentation.js","timestamp":"2015-04-09T15:41:38.362Z"}
{"level":"debug","message":"action loaded: status @ v1, /Users/johnny/Documents/Projects/WorldBank-API/server/actions/status.js","timestamp":"2015-04-09T15:41:38.363Z"}
{"get":[{"path":"/gameData","action":"gameData"},{"path":"/login","action":"login"},{"path":"/showDocumentation","action":"showDocumentation"},{"path":"/status","action":"status"}],"post":[{"path":"/gameData","action":"gameData"},{"path":"/login","action":"login"},{"path":"/showDocumentation","action":"showDocumentation"},{"path":"/status","action":"status"}],"put":[{"path":"/gameData","action":"gameData"},{"path":"/login","action":"login"},{"path":"/showDocumentation","action":"showDocumentation"},{"path":"/status","action":"status"}],"patch":[{"path":"/gameData","action":"gameData"},{"path":"/login","action":"login"},{"path":"/showDocumentation","action":"showDocumentation"},{"path":"/status","action":"status"}],"delete":[{"path":"/gameData","action":"gameData"},{"path":"/login","action":"login"},{"path":"/showDocumentation","action":"showDocumentation"},{"path":"/status","action":"status"}],"level":"debug","message":"routes:","timestamp":"2015-04-09T15:41:38.366Z"}
{"level":"debug","message":"initialized server: web","timestamp":"2015-04-09T15:41:38.487Z"}
{"level":"debug","message":"initialized server: websocket","timestamp":"2015-04-09T15:41:38.487Z"}
{"level":"debug","message":" > start: pids /Users/johnny/Documents/Projects/WorldBank-API/server/node_modules/actionhero/initializers/pids.js","timestamp":"2015-04-09T15:41:38.490Z"}
{"level":"notice","message":"pid: 44778","timestamp":"2015-04-09T15:41:38.491Z"}
{"level":"debug","message":"   started: pids /Users/johnny/Documents/Projects/WorldBank-API/server/node_modules/actionhero/initializers/pids.js","timestamp":"2015-04-09T15:41:38.491Z"}
{"level":"debug","message":" > start: id /Users/johnny/Documents/Projects/WorldBank-API/server/node_modules/actionhero/initializers/id.js","timestamp":"2015-04-09T15:41:38.491Z"}
{"level":"notice","message":"server ID: 199.94.68.185","timestamp":"2015-04-09T15:41:38.491Z"}
{"level":"debug","message":"   started: id /Users/johnny/Documents/Projects/WorldBank-API/server/node_modules/actionhero/initializers/id.js","timestamp":"2015-04-09T15:41:38.491Z"}
{"level":"debug","message":" > start: redis /Users/johnny/Documents/Projects/WorldBank-API/server/node_modules/actionhero/initializers/redis.js","timestamp":"2015-04-09T15:41:38.491Z"}
{"level":"debug","message":"   started: redis /Users/johnny/Documents/Projects/WorldBank-API/server/node_modules/actionhero/initializers/redis.js","timestamp":"2015-04-09T15:41:38.491Z"}
{"level":"debug","message":" > start: chatRoom /Users/johnny/Documents/Projects/WorldBank-API/server/node_modules/actionhero/initializers/chatRoom.js","timestamp":"2015-04-09T15:41:38.491Z"}
{"level":"info","message":"ensuring the existence of the chatRoom: defaultRoom","timestamp":"2015-04-09T15:41:38.492Z"}
{"level":"info","message":"ensuring the existence of the chatRoom: anotherRoom","timestamp":"2015-04-09T15:41:38.492Z"}
{"level":"debug","message":"   started: chatRoom /Users/johnny/Documents/Projects/WorldBank-API/server/node_modules/actionhero/initializers/chatRoom.js","timestamp":"2015-04-09T15:41:38.492Z"}
{"level":"debug","message":" > start: resque /Users/johnny/Documents/Projects/WorldBank-API/server/node_modules/actionhero/initializers/resque.js","timestamp":"2015-04-09T15:41:38.492Z"}
{"level":"debug","message":"   started: resque /Users/johnny/Documents/Projects/WorldBank-API/server/node_modules/actionhero/initializers/resque.js","timestamp":"2015-04-09T15:41:38.495Z"}
{"level":"debug","message":" > start: servers /Users/johnny/Documents/Projects/WorldBank-API/server/node_modules/actionhero/initializers/servers.js","timestamp":"2015-04-09T15:41:38.495Z"}
{"level":"notice","message":"starting server: web","timestamp":"2015-04-09T15:41:38.495Z"}
{"level":"notice","message":"starting server: websocket","timestamp":"2015-04-09T15:41:38.500Z"}
{"level":"debug","message":"webSockets bound to 0.0.0.0:3000","timestamp":"2015-04-09T15:41:38.539Z"}
{"level":"debug","message":"wrote /Users/johnny/Documents/Projects/WorldBank-API/server/public/javascript/actionheroClient.js","timestamp":"2015-04-09T15:41:38.542Z"}
{"level":"debug","message":"wrote /Users/johnny/Documents/Projects/WorldBank-API/server/public/javascript/actionheroClient.min.js","timestamp":"2015-04-09T15:41:39.127Z"}
{"level":"debug","message":"   started: servers /Users/johnny/Documents/Projects/WorldBank-API/server/node_modules/actionhero/initializers/servers.js","timestamp":"2015-04-09T15:41:39.128Z"}
{"level":"debug","message":" > start: stats /Users/johnny/Documents/Projects/WorldBank-API/server/node_modules/actionhero/initializers/stats.js","timestamp":"2015-04-09T15:41:39.128Z"}
{"level":"debug","message":"   started: stats /Users/johnny/Documents/Projects/WorldBank-API/server/node_modules/actionhero/initializers/stats.js","timestamp":"2015-04-09T15:41:39.128Z"}
{"level":"debug","message":" > start: tasks /Users/johnny/Documents/Projects/WorldBank-API/server/node_modules/actionhero/initializers/tasks.js","timestamp":"2015-04-09T15:41:39.128Z"}
{"level":"debug","message":"   started: tasks /Users/johnny/Documents/Projects/WorldBank-API/server/node_modules/actionhero/initializers/tasks.js","timestamp":"2015-04-09T15:41:39.128Z"}
{"level":"debug","message":" > start: specHelper /Users/johnny/Documents/Projects/WorldBank-API/server/node_modules/actionhero/initializers/specHelper.js","timestamp":"2015-04-09T15:41:39.128Z"}
{"level":"debug","message":"   started: specHelper /Users/johnny/Documents/Projects/WorldBank-API/server/node_modules/actionhero/initializers/specHelper.js","timestamp":"2015-04-09T15:41:39.128Z"}
{"level":"debug","message":" > start: configLoader /Users/johnny/Documents/Projects/WorldBank-API/server/node_modules/actionhero/initializers/configLoader.js","timestamp":"2015-04-09T15:41:39.128Z"}
{"level":"notice","message":"environment: development","timestamp":"2015-04-09T15:41:39.129Z"}
{"level":"debug","message":"   started: configLoader /Users/johnny/Documents/Projects/WorldBank-API/server/node_modules/actionhero/initializers/configLoader.js","timestamp":"2015-04-09T15:41:39.129Z"}
{"level":"debug","message":" > start: session /Users/johnny/Documents/Projects/WorldBank-API/server/initializers/session.js","timestamp":"2015-04-09T15:41:39.129Z"}
{"level":"debug","message":"   started: session /Users/johnny/Documents/Projects/WorldBank-API/server/initializers/session.js","timestamp":"2015-04-09T15:41:39.129Z"}
{"level":"notice","message":"*** Server Started @ 2015-04-09 11:41:39 ***","timestamp":"2015-04-09T15:41:39.129Z"}
{"level":"info","message":"actionhero member 199.94.68.185 has joined the cluster","timestamp":"2015-04-09T15:41:39.132Z"}
{"level":"alert","message":"Shutting down open servers and stopping task processing","timestamp":"2015-04-09T15:58:32.822Z"}
{"level":"notice","message":"*** starting actionhero ***","timestamp":"2015-04-09T15:59:02.038Z"}
{"level":"warning","message":"running with fakeredis","timestamp":"2015-04-09T15:59:02.058Z"}
{"level":"debug","message":"action loaded: gameData @ v1, /Users/johnny/Documents/Projects/WorldBank-API/server/actions/gameData.js","timestamp":"2015-04-09T15:59:02.069Z"}
{"level":"debug","message":"action loaded: login @ v1, /Users/johnny/Documents/Projects/WorldBank-API/server/actions/login.js","timestamp":"2015-04-09T15:59:02.070Z"}
{"level":"debug","message":"action loaded: showDocumentation @ v1, /Users/johnny/Documents/Projects/WorldBank-API/server/actions/showDocumentation.js","timestamp":"2015-04-09T15:59:02.070Z"}
{"level":"debug","message":"action loaded: status @ v1, /Users/johnny/Documents/Projects/WorldBank-API/server/actions/status.js","timestamp":"2015-04-09T15:59:02.071Z"}
{"get":[{"path":"/gameData","action":"gameData"},{"path":"/login","action":"login"},{"path":"/showDocumentation","action":"showDocumentation"},{"path":"/status","action":"status"}],"post":[{"path":"/gameData","action":"gameData"},{"path":"/login","action":"login"},{"path":"/showDocumentation","action":"showDocumentation"},{"path":"/status","action":"status"}],"put":[{"path":"/gameData","action":"gameData"},{"path":"/login","action":"login"},{"path":"/showDocumentation","action":"showDocumentation"},{"path":"/status","action":"status"}],"patch":[{"path":"/gameData","action":"gameData"},{"path":"/login","action":"login"},{"path":"/showDocumentation","action":"showDocumentation"},{"path":"/status","action":"status"}],"delete":[{"path":"/gameData","action":"gameData"},{"path":"/login","action":"login"},{"path":"/showDocumentation","action":"showDocumentation"},{"path":"/status","action":"status"}],"level":"debug","message":"routes:","timestamp":"2015-04-09T15:59:02.074Z"}
{"level":"debug","message":"initialized server: web","timestamp":"2015-04-09T15:59:02.193Z"}
{"level":"debug","message":"initialized server: websocket","timestamp":"2015-04-09T15:59:02.194Z"}
{"level":"debug","message":" > start: pids /Users/johnny/Documents/Projects/WorldBank-API/server/node_modules/actionhero/initializers/pids.js","timestamp":"2015-04-09T15:59:02.196Z"}
{"level":"notice","message":"pid: 46363","timestamp":"2015-04-09T15:59:02.197Z"}
{"level":"debug","message":"   started: pids /Users/johnny/Documents/Projects/WorldBank-API/server/node_modules/actionhero/initializers/pids.js","timestamp":"2015-04-09T15:59:02.197Z"}
{"level":"debug","message":" > start: id /Users/johnny/Documents/Projects/WorldBank-API/server/node_modules/actionhero/initializers/id.js","timestamp":"2015-04-09T15:59:02.198Z"}
{"level":"notice","message":"server ID: 199.94.68.185","timestamp":"2015-04-09T15:59:02.198Z"}
{"level":"debug","message":"   started: id /Users/johnny/Documents/Projects/WorldBank-API/server/node_modules/actionhero/initializers/id.js","timestamp":"2015-04-09T15:59:02.198Z"}
{"level":"debug","message":" > start: redis /Users/johnny/Documents/Projects/WorldBank-API/server/node_modules/actionhero/initializers/redis.js","timestamp":"2015-04-09T15:59:02.198Z"}
{"level":"debug","message":"   started: redis /Users/johnny/Documents/Projects/WorldBank-API/server/node_modules/actionhero/initializers/redis.js","timestamp":"2015-04-09T15:59:02.198Z"}
{"level":"debug","message":" > start: chatRoom /Users/johnny/Documents/Projects/WorldBank-API/server/node_modules/actionhero/initializers/chatRoom.js","timestamp":"2015-04-09T15:59:02.198Z"}
{"level":"info","message":"ensuring the existence of the chatRoom: defaultRoom","timestamp":"2015-04-09T15:59:02.198Z"}
{"level":"info","message":"ensuring the existence of the chatRoom: anotherRoom","timestamp":"2015-04-09T15:59:02.199Z"}
{"level":"debug","message":"   started: chatRoom /Users/johnny/Documents/Projects/WorldBank-API/server/node_modules/actionhero/initializers/chatRoom.js","timestamp":"2015-04-09T15:59:02.199Z"}
{"level":"debug","message":" > start: resque /Users/johnny/Documents/Projects/WorldBank-API/server/node_modules/actionhero/initializers/resque.js","timestamp":"2015-04-09T15:59:02.199Z"}
{"level":"debug","message":"   started: resque /Users/johnny/Documents/Projects/WorldBank-API/server/node_modules/actionhero/initializers/resque.js","timestamp":"2015-04-09T15:59:02.202Z"}
{"level":"debug","message":" > start: servers /Users/johnny/Documents/Projects/WorldBank-API/server/node_modules/actionhero/initializers/servers.js","timestamp":"2015-04-09T15:59:02.202Z"}
{"level":"notice","message":"starting server: web","timestamp":"2015-04-09T15:59:02.202Z"}
{"level":"notice","message":"starting server: websocket","timestamp":"2015-04-09T15:59:02.207Z"}
{"level":"debug","message":"webSockets bound to 0.0.0.0:3000","timestamp":"2015-04-09T15:59:02.246Z"}
{"level":"debug","message":"wrote /Users/johnny/Documents/Projects/WorldBank-API/server/public/javascript/actionheroClient.js","timestamp":"2015-04-09T15:59:02.249Z"}
{"level":"debug","message":"wrote /Users/johnny/Documents/Projects/WorldBank-API/server/public/javascript/actionheroClient.min.js","timestamp":"2015-04-09T15:59:02.827Z"}
{"level":"debug","message":"   started: servers /Users/johnny/Documents/Projects/WorldBank-API/server/node_modules/actionhero/initializers/servers.js","timestamp":"2015-04-09T15:59:02.828Z"}
{"level":"debug","message":" > start: stats /Users/johnny/Documents/Projects/WorldBank-API/server/node_modules/actionhero/initializers/stats.js","timestamp":"2015-04-09T15:59:02.828Z"}
{"level":"debug","message":"   started: stats /Users/johnny/Documents/Projects/WorldBank-API/server/node_modules/actionhero/initializers/stats.js","timestamp":"2015-04-09T15:59:02.829Z"}
{"level":"debug","message":" > start: tasks /Users/johnny/Documents/Projects/WorldBank-API/server/node_modules/actionhero/initializers/tasks.js","timestamp":"2015-04-09T15:59:02.829Z"}
{"level":"debug","message":"   started: tasks /Users/johnny/Documents/Projects/WorldBank-API/server/node_modules/actionhero/initializers/tasks.js","timestamp":"2015-04-09T15:59:02.829Z"}
{"level":"debug","message":" > start: specHelper /Users/johnny/Documents/Projects/WorldBank-API/server/node_modules/actionhero/initializers/specHelper.js","timestamp":"2015-04-09T15:59:02.829Z"}
{"level":"debug","message":"   started: specHelper /Users/johnny/Documents/Projects/WorldBank-API/server/node_modules/actionhero/initializers/specHelper.js","timestamp":"2015-04-09T15:59:02.829Z"}
{"level":"debug","message":" > start: configLoader /Users/johnny/Documents/Projects/WorldBank-API/server/node_modules/actionhero/initializers/configLoader.js","timestamp":"2015-04-09T15:59:02.829Z"}
{"level":"notice","message":"environment: development","timestamp":"2015-04-09T15:59:02.829Z"}
{"level":"debug","message":"   started: configLoader /Users/johnny/Documents/Projects/WorldBank-API/server/node_modules/actionhero/initializers/configLoader.js","timestamp":"2015-04-09T15:59:02.829Z"}
{"level":"debug","message":" > start: session /Users/johnny/Documents/Projects/WorldBank-API/server/initializers/session.js","timestamp":"2015-04-09T15:59:02.830Z"}
{"level":"debug","message":"   started: session /Users/johnny/Documents/Projects/WorldBank-API/server/initializers/session.js","timestamp":"2015-04-09T15:59:02.830Z"}
{"level":"notice","message":"*** Server Started @ 2015-04-09 11:59:02 ***","timestamp":"2015-04-09T15:59:02.830Z"}
{"level":"info","message":"actionhero member 199.94.68.185 has joined the cluster","timestamp":"2015-04-09T15:59:02.833Z"}
{"level":"alert","message":"Shutting down open servers and stopping task processing","timestamp":"2015-04-09T15:59:02.860Z"}
{"level":"notice","message":"*** starting actionhero ***","timestamp":"2015-04-09T15:59:19.596Z"}
{"level":"warning","message":"running with fakeredis","timestamp":"2015-04-09T15:59:19.624Z"}
{"level":"debug","message":"action loaded: gameData @ v1, /Users/johnny/Documents/Projects/WorldBank-API/server/actions/gameData.js","timestamp":"2015-04-09T15:59:19.636Z"}
{"level":"debug","message":"action loaded: login @ v1, /Users/johnny/Documents/Projects/WorldBank-API/server/actions/login.js","timestamp":"2015-04-09T15:59:19.637Z"}
{"level":"debug","message":"action loaded: showDocumentation @ v1, /Users/johnny/Documents/Projects/WorldBank-API/server/actions/showDocumentation.js","timestamp":"2015-04-09T15:59:19.638Z"}
{"level":"debug","message":"action loaded: status @ v1, /Users/johnny/Documents/Projects/WorldBank-API/server/actions/status.js","timestamp":"2015-04-09T15:59:19.639Z"}
{"get":[{"path":"/gameData","action":"gameData"},{"path":"/login","action":"login"},{"path":"/showDocumentation","action":"showDocumentation"},{"path":"/status","action":"status"}],"post":[{"path":"/gameData","action":"gameData"},{"path":"/login","action":"login"},{"path":"/showDocumentation","action":"showDocumentation"},{"path":"/status","action":"status"}],"put":[{"path":"/gameData","action":"gameData"},{"path":"/login","action":"login"},{"path":"/showDocumentation","action":"showDocumentation"},{"path":"/status","action":"status"}],"patch":[{"path":"/gameData","action":"gameData"},{"path":"/login","action":"login"},{"path":"/showDocumentation","action":"showDocumentation"},{"path":"/status","action":"status"}],"delete":[{"path":"/gameData","action":"gameData"},{"path":"/login","action":"login"},{"path":"/showDocumentation","action":"showDocumentation"},{"path":"/status","action":"status"}],"level":"debug","message":"routes:","timestamp":"2015-04-09T15:59:19.642Z"}
{"level":"debug","message":"initialized server: web","timestamp":"2015-04-09T15:59:19.771Z"}
{"level":"debug","message":"initialized server: websocket","timestamp":"2015-04-09T15:59:19.772Z"}
{"level":"debug","message":" > start: pids /Users/johnny/Documents/Projects/WorldBank-API/server/node_modules/actionhero/initializers/pids.js","timestamp":"2015-04-09T15:59:19.775Z"}
{"level":"notice","message":"pid: 46395","timestamp":"2015-04-09T15:59:19.775Z"}
{"level":"debug","message":"   started: pids /Users/johnny/Documents/Projects/WorldBank-API/server/node_modules/actionhero/initializers/pids.js","timestamp":"2015-04-09T15:59:19.776Z"}
{"level":"debug","message":" > start: id /Users/johnny/Documents/Projects/WorldBank-API/server/node_modules/actionhero/initializers/id.js","timestamp":"2015-04-09T15:59:19.776Z"}
{"level":"notice","message":"server ID: 199.94.68.185","timestamp":"2015-04-09T15:59:19.776Z"}
{"level":"debug","message":"   started: id /Users/johnny/Documents/Projects/WorldBank-API/server/node_modules/actionhero/initializers/id.js","timestamp":"2015-04-09T15:59:19.776Z"}
{"level":"debug","message":" > start: redis /Users/johnny/Documents/Projects/WorldBank-API/server/node_modules/actionhero/initializers/redis.js","timestamp":"2015-04-09T15:59:19.776Z"}
{"level":"debug","message":"   started: redis /Users/johnny/Documents/Projects/WorldBank-API/server/node_modules/actionhero/initializers/redis.js","timestamp":"2015-04-09T15:59:19.776Z"}
{"level":"debug","message":" > start: chatRoom /Users/johnny/Documents/Projects/WorldBank-API/server/node_modules/actionhero/initializers/chatRoom.js","timestamp":"2015-04-09T15:59:19.776Z"}
{"level":"info","message":"ensuring the existence of the chatRoom: defaultRoom","timestamp":"2015-04-09T15:59:19.777Z"}
{"level":"info","message":"ensuring the existence of the chatRoom: anotherRoom","timestamp":"2015-04-09T15:59:19.777Z"}
{"level":"debug","message":"   started: chatRoom /Users/johnny/Documents/Projects/WorldBank-API/server/node_modules/actionhero/initializers/chatRoom.js","timestamp":"2015-04-09T15:59:19.777Z"}
{"level":"debug","message":" > start: resque /Users/johnny/Documents/Projects/WorldBank-API/server/node_modules/actionhero/initializers/resque.js","timestamp":"2015-04-09T15:59:19.777Z"}
{"level":"debug","message":"   started: resque /Users/johnny/Documents/Projects/WorldBank-API/server/node_modules/actionhero/initializers/resque.js","timestamp":"2015-04-09T15:59:19.780Z"}
{"level":"debug","message":" > start: servers /Users/johnny/Documents/Projects/WorldBank-API/server/node_modules/actionhero/initializers/servers.js","timestamp":"2015-04-09T15:59:19.780Z"}
{"level":"notice","message":"starting server: web","timestamp":"2015-04-09T15:59:19.780Z"}
{"level":"notice","message":"starting server: websocket","timestamp":"2015-04-09T15:59:19.787Z"}
{"level":"debug","message":"webSockets bound to 0.0.0.0:3000","timestamp":"2015-04-09T15:59:19.828Z"}
{"level":"debug","message":"wrote /Users/johnny/Documents/Projects/WorldBank-API/server/public/javascript/actionheroClient.js","timestamp":"2015-04-09T15:59:19.831Z"}
{"level":"debug","message":"wrote /Users/johnny/Documents/Projects/WorldBank-API/server/public/javascript/actionheroClient.min.js","timestamp":"2015-04-09T15:59:20.440Z"}
{"level":"debug","message":"   started: servers /Users/johnny/Documents/Projects/WorldBank-API/server/node_modules/actionhero/initializers/servers.js","timestamp":"2015-04-09T15:59:20.441Z"}
{"level":"debug","message":" > start: stats /Users/johnny/Documents/Projects/WorldBank-API/server/node_modules/actionhero/initializers/stats.js","timestamp":"2015-04-09T15:59:20.441Z"}
{"level":"debug","message":"   started: stats /Users/johnny/Documents/Projects/WorldBank-API/server/node_modules/actionhero/initializers/stats.js","timestamp":"2015-04-09T15:59:20.442Z"}
{"level":"debug","message":" > start: tasks /Users/johnny/Documents/Projects/WorldBank-API/server/node_modules/actionhero/initializers/tasks.js","timestamp":"2015-04-09T15:59:20.442Z"}
{"level":"debug","message":"   started: tasks /Users/johnny/Documents/Projects/WorldBank-API/server/node_modules/actionhero/initializers/tasks.js","timestamp":"2015-04-09T15:59:20.442Z"}
{"level":"debug","message":" > start: specHelper /Users/johnny/Documents/Projects/WorldBank-API/server/node_modules/actionhero/initializers/specHelper.js","timestamp":"2015-04-09T15:59:20.442Z"}
{"level":"debug","message":"   started: specHelper /Users/johnny/Documents/Projects/WorldBank-API/server/node_modules/actionhero/initializers/specHelper.js","timestamp":"2015-04-09T15:59:20.442Z"}
{"level":"debug","message":" > start: configLoader /Users/johnny/Documents/Projects/WorldBank-API/server/node_modules/actionhero/initializers/configLoader.js","timestamp":"2015-04-09T15:59:20.442Z"}
{"level":"notice","message":"environment: development","timestamp":"2015-04-09T15:59:20.442Z"}
{"level":"debug","message":"   started: configLoader /Users/johnny/Documents/Projects/WorldBank-API/server/node_modules/actionhero/initializers/configLoader.js","timestamp":"2015-04-09T15:59:20.442Z"}
{"level":"debug","message":" > start: session /Users/johnny/Documents/Projects/WorldBank-API/server/initializers/session.js","timestamp":"2015-04-09T15:59:20.443Z"}
{"level":"debug","message":"   started: session /Users/johnny/Documents/Projects/WorldBank-API/server/initializers/session.js","timestamp":"2015-04-09T15:59:20.443Z"}
{"level":"notice","message":"*** Server Started @ 2015-04-09 11:59:20 ***","timestamp":"2015-04-09T15:59:20.443Z"}
{"level":"info","message":"actionhero member 199.94.68.185 has joined the cluster","timestamp":"2015-04-09T15:59:20.446Z"}
{"to":"127.0.0.1","action":"gameData","params":"{\"action\":\"gameData\",\"apiVersion\":1}","duration":82,"error":"null","level":"info","message":"[ action @ web ]","timestamp":"2015-04-09T17:27:25.780Z"}
{"to":"127.0.0.1","action":"gameData","params":"{\"action\":\"gameData\",\"apiVersion\":1}","duration":7,"error":"null","level":"info","message":"[ action @ web ]","timestamp":"2015-04-09T17:29:12.130Z"}
{"to":"127.0.0.1","action":"gameData","params":"{\"action\":\"gameData\",\"apiVersion\":1}","duration":6,"error":"null","level":"info","message":"[ action @ web ]","timestamp":"2015-04-09T17:30:07.334Z"}
{"to":"127.0.0.1","action":"gameData","params":"{\"action\":\"gameData\",\"apiVersion\":1}","duration":4,"error":"null","level":"info","message":"[ action @ web ]","timestamp":"2015-04-09T17:30:31.220Z"}
{"to":"127.0.0.1","action":"gameData","params":"{\"action\":\"gameData\",\"apiVersion\":1}","duration":4,"error":"null","level":"info","message":"[ action @ web ]","timestamp":"2015-04-09T17:30:55.298Z"}
{"to":"127.0.0.1","action":"gameData","params":"{\"action\":\"gameData\",\"apiVersion\":1}","duration":61,"error":"null","level":"info","message":"[ action @ web ]","timestamp":"2015-04-09T17:37:23.766Z"}
{"to":"127.0.0.1","action":"gameData","params":"{\"action\":\"gameData\",\"apiVersion\":1}","duration":4,"error":"null","level":"info","message":"[ action @ web ]","timestamp":"2015-04-09T17:37:23.794Z"}
{"to":"127.0.0.1","action":"gameData","params":"{\"action\":\"gameData\",\"apiVersion\":1}","duration":3,"error":"null","level":"info","message":"[ action @ web ]","timestamp":"2015-04-09T17:39:03.683Z"}
{"to":"127.0.0.1","action":"gameData","params":"{\"action\":\"gameData\",\"apiVersion\":1}","duration":4,"error":"null","level":"info","message":"[ action @ web ]","timestamp":"2015-04-09T17:39:03.697Z"}
{"to":"127.0.0.1","action":"gameData","params":"{\"action\":\"gameData\",\"apiVersion\":1}","duration":4,"error":"null","level":"info","message":"[ action @ web ]","timestamp":"2015-04-09T17:39:21.048Z"}
{"to":"127.0.0.1","action":"gameData","params":"{\"action\":\"gameData\",\"apiVersion\":1}","duration":4,"error":"null","level":"info","message":"[ action @ web ]","timestamp":"2015-04-09T17:39:21.075Z"}
{"to":"127.0.0.1","action":"gameData","params":"{\"action\":\"gameData\",\"apiVersion\":1}","duration":210,"error":"null","level":"info","message":"[ action @ web ]","timestamp":"2015-04-09T17:52:04.014Z"}
{"to":"127.0.0.1","action":"gameData","params":"{\"action\":\"gameData\",\"apiVersion\":1}","duration":4,"error":"null","level":"info","message":"[ action @ web ]","timestamp":"2015-04-09T17:52:34.372Z"}
{"to":"127.0.0.1","action":"gameData","params":"{\"action\":\"gameData\",\"apiVersion\":1}","duration":3,"error":"null","level":"info","message":"[ action @ web ]","timestamp":"2015-04-09T17:52:34.397Z"}
{"to":"127.0.0.1","action":"gameData","params":"{\"action\":\"gameData\",\"apiVersion\":1}","duration":3,"error":"null","level":"info","message":"[ action @ web ]","timestamp":"2015-04-09T17:52:50.856Z"}
{"level":"debug","message":"action (re)loaded: gameData @ v1, /Users/johnny/Documents/Projects/WorldBank-API/server/actions/gameData.js","timestamp":"2015-04-09T17:54:55.035Z"}
{"get":[{"path":"/gameData","action":"gameData"},{"path":"/login","action":"login"},{"path":"/showDocumentation","action":"showDocumentation"},{"path":"/status","action":"status"}],"post":[{"path":"/gameData","action":"gameData"},{"path":"/login","action":"login"},{"path":"/showDocumentation","action":"showDocumentation"},{"path":"/status","action":"status"}],"put":[{"path":"/gameData","action":"gameData"},{"path":"/login","action":"login"},{"path":"/showDocumentation","action":"showDocumentation"},{"path":"/status","action":"status"}],"patch":[{"path":"/gameData","action":"gameData"},{"path":"/login","action":"login"},{"path":"/showDocumentation","action":"showDocumentation"},{"path":"/status","action":"status"}],"delete":[{"path":"/gameData","action":"gameData"},{"path":"/login","action":"login"},{"path":"/showDocumentation","action":"showDocumentation"},{"path":"/status","action":"status"}],"level":"debug","message":"routes:","timestamp":"2015-04-09T17:54:55.036Z"}
{"level":"debug","message":"action (re)loaded: gameData @ v1, /Users/johnny/Documents/Projects/WorldBank-API/server/actions/gameData.js","timestamp":"2015-04-09T18:15:35.962Z"}
{"get":[{"path":"/gameData","action":"gameData"},{"path":"/login","action":"login"},{"path":"/showDocumentation","action":"showDocumentation"},{"path":"/status","action":"status"}],"post":[{"path":"/gameData","action":"gameData"},{"path":"/login","action":"login"},{"path":"/showDocumentation","action":"showDocumentation"},{"path":"/status","action":"status"}],"put":[{"path":"/gameData","action":"gameData"},{"path":"/login","action":"login"},{"path":"/showDocumentation","action":"showDocumentation"},{"path":"/status","action":"status"}],"patch":[{"path":"/gameData","action":"gameData"},{"path":"/login","action":"login"},{"path":"/showDocumentation","action":"showDocumentation"},{"path":"/status","action":"status"}],"delete":[{"path":"/gameData","action":"gameData"},{"path":"/login","action":"login"},{"path":"/showDocumentation","action":"showDocumentation"},{"path":"/status","action":"status"}],"level":"debug","message":"routes:","timestamp":"2015-04-09T18:15:35.962Z"}
{"level":"debug","message":"action (re)loaded: gameData @ v1, /Users/johnny/Documents/Projects/WorldBank-API/server/actions/gameData.js","timestamp":"2015-04-09T18:16:34.163Z"}
{"get":[{"path":"/gameData","action":"gameData"},{"path":"/login","action":"login"},{"path":"/showDocumentation","action":"showDocumentation"},{"path":"/status","action":"status"}],"post":[{"path":"/gameData","action":"gameData"},{"path":"/login","action":"login"},{"path":"/showDocumentation","action":"showDocumentation"},{"path":"/status","action":"status"}],"put":[{"path":"/gameData","action":"gameData"},{"path":"/login","action":"login"},{"path":"/showDocumentation","action":"showDocumentation"},{"path":"/status","action":"status"}],"patch":[{"path":"/gameData","action":"gameData"},{"path":"/login","action":"login"},{"path":"/showDocumentation","action":"showDocumentation"},{"path":"/status","action":"status"}],"delete":[{"path":"/gameData","action":"gameData"},{"path":"/login","action":"login"},{"path":"/showDocumentation","action":"showDocumentation"},{"path":"/status","action":"status"}],"level":"debug","message":"routes:","timestamp":"2015-04-09T18:16:34.163Z"}
{"level":"debug","message":"action (re)loaded: gameData @ v1, /Users/johnny/Documents/Projects/WorldBank-API/server/actions/gameData.js","timestamp":"2015-04-09T18:17:04.253Z"}
{"get":[{"path":"/gameData","action":"gameData"},{"path":"/login","action":"login"},{"path":"/showDocumentation","action":"showDocumentation"},{"path":"/status","action":"status"}],"post":[{"path":"/gameData","action":"gameData"},{"path":"/login","action":"login"},{"path":"/showDocumentation","action":"showDocumentation"},{"path":"/status","action":"status"}],"put":[{"path":"/gameData","action":"gameData"},{"path":"/login","action":"login"},{"path":"/showDocumentation","action":"showDocumentation"},{"path":"/status","action":"status"}],"patch":[{"path":"/gameData","action":"gameData"},{"path":"/login","action":"login"},{"path":"/showDocumentation","action":"showDocumentation"},{"path":"/status","action":"status"}],"delete":[{"path":"/gameData","action":"gameData"},{"path":"/login","action":"login"},{"path":"/showDocumentation","action":"showDocumentation"},{"path":"/status","action":"status"}],"level":"debug","message":"routes:","timestamp":"2015-04-09T18:17:04.253Z"}
{"level":"debug","message":"action (re)loaded: gameData @ v1, /Users/johnny/Documents/Projects/WorldBank-API/server/actions/gameData.js","timestamp":"2015-04-09T18:19:45.748Z"}
{"get":[{"path":"/gameData","action":"gameData"},{"path":"/login","action":"login"},{"path":"/showDocumentation","action":"showDocumentation"},{"path":"/status","action":"status"}],"post":[{"path":"/gameData","action":"gameData"},{"path":"/login","action":"login"},{"path":"/showDocumentation","action":"showDocumentation"},{"path":"/status","action":"status"}],"put":[{"path":"/gameData","action":"gameData"},{"path":"/login","action":"login"},{"path":"/showDocumentation","action":"showDocumentation"},{"path":"/status","action":"status"}],"patch":[{"path":"/gameData","action":"gameData"},{"path":"/login","action":"login"},{"path":"/showDocumentation","action":"showDocumentation"},{"path":"/status","action":"status"}],"delete":[{"path":"/gameData","action":"gameData"},{"path":"/login","action":"login"},{"path":"/showDocumentation","action":"showDocumentation"},{"path":"/status","action":"status"}],"level":"debug","message":"routes:","timestamp":"2015-04-09T18:19:45.748Z"}
{"level":"debug","message":"action (re)loaded: gameData @ v1, /Users/johnny/Documents/Projects/WorldBank-API/server/actions/gameData.js","timestamp":"2015-04-09T18:26:58.119Z"}
{"get":[{"path":"/gameData","action":"gameData"},{"path":"/login","action":"login"},{"path":"/showDocumentation","action":"showDocumentation"},{"path":"/status","action":"status"}],"post":[{"path":"/gameData","action":"gameData"},{"path":"/login","action":"login"},{"path":"/showDocumentation","action":"showDocumentation"},{"path":"/status","action":"status"}],"put":[{"path":"/gameData","action":"gameData"},{"path":"/login","action":"login"},{"path":"/showDocumentation","action":"showDocumentation"},{"path":"/status","action":"status"}],"patch":[{"path":"/gameData","action":"gameData"},{"path":"/login","action":"login"},{"path":"/showDocumentation","action":"showDocumentation"},{"path":"/status","action":"status"}],"delete":[{"path":"/gameData","action":"gameData"},{"path":"/login","action":"login"},{"path":"/showDocumentation","action":"showDocumentation"},{"path":"/status","action":"status"}],"level":"debug","message":"routes:","timestamp":"2015-04-09T18:26:58.119Z"}
{"level":"debug","message":"action (re)loaded: gameData @ v1, /Users/johnny/Documents/Projects/WorldBank-API/server/actions/gameData.js","timestamp":"2015-04-09T18:35:01.680Z"}
{"get":[{"path":"/gameData","action":"gameData"},{"path":"/login","action":"login"},{"path":"/showDocumentation","action":"showDocumentation"},{"path":"/status","action":"status"}],"post":[{"path":"/gameData","action":"gameData"},{"path":"/login","action":"login"},{"path":"/showDocumentation","action":"showDocumentation"},{"path":"/status","action":"status"}],"put":[{"path":"/gameData","action":"gameData"},{"path":"/login","action":"login"},{"path":"/showDocumentation","action":"showDocumentation"},{"path":"/status","action":"status"}],"patch":[{"path":"/gameData","action":"gameData"},{"path":"/login","action":"login"},{"path":"/showDocumentation","action":"showDocumentation"},{"path":"/status","action":"status"}],"delete":[{"path":"/gameData","action":"gameData"},{"path":"/login","action":"login"},{"path":"/showDocumentation","action":"showDocumentation"},{"path":"/status","action":"status"}],"level":"debug","message":"routes:","timestamp":"2015-04-09T18:35:01.680Z"}
{"level":"debug","message":"action (re)loaded: gameData @ v1, /Users/johnny/Documents/Projects/WorldBank-API/server/actions/gameData.js","timestamp":"2015-04-09T18:37:30.121Z"}
{"get":[{"path":"/gameData","action":"gameData"},{"path":"/login","action":"login"},{"path":"/showDocumentation","action":"showDocumentation"},{"path":"/status","action":"status"}],"post":[{"path":"/gameData","action":"gameData"},{"path":"/login","action":"login"},{"path":"/showDocumentation","action":"showDocumentation"},{"path":"/status","action":"status"}],"put":[{"path":"/gameData","action":"gameData"},{"path":"/login","action":"login"},{"path":"/showDocumentation","action":"showDocumentation"},{"path":"/status","action":"status"}],"patch":[{"path":"/gameData","action":"gameData"},{"path":"/login","action":"login"},{"path":"/showDocumentation","action":"showDocumentation"},{"path":"/status","action":"status"}],"delete":[{"path":"/gameData","action":"gameData"},{"path":"/login","action":"login"},{"path":"/showDocumentation","action":"showDocumentation"},{"path":"/status","action":"status"}],"level":"debug","message":"routes:","timestamp":"2015-04-09T18:37:30.121Z"}
{"level":"debug","message":"action (re)loaded: gameData @ v1, /Users/johnny/Documents/Projects/WorldBank-API/server/actions/gameData.js","timestamp":"2015-04-09T18:37:48.174Z"}
{"get":[{"path":"/gameData","action":"gameData"},{"path":"/login","action":"login"},{"path":"/showDocumentation","action":"showDocumentation"},{"path":"/status","action":"status"}],"post":[{"path":"/gameData","action":"gameData"},{"path":"/login","action":"login"},{"path":"/showDocumentation","action":"showDocumentation"},{"path":"/status","action":"status"}],"put":[{"path":"/gameData","action":"gameData"},{"path":"/login","action":"login"},{"path":"/showDocumentation","action":"showDocumentation"},{"path":"/status","action":"status"}],"patch":[{"path":"/gameData","action":"gameData"},{"path":"/login","action":"login"},{"path":"/showDocumentation","action":"showDocumentation"},{"path":"/status","action":"status"}],"delete":[{"path":"/gameData","action":"gameData"},{"path":"/login","action":"login"},{"path":"/showDocumentation","action":"showDocumentation"},{"path":"/status","action":"status"}],"level":"debug","message":"routes:","timestamp":"2015-04-09T18:37:48.174Z"}
{"level":"debug","message":"action (re)loaded: gameData @ v1, /Users/johnny/Documents/Projects/WorldBank-API/server/actions/gameData.js","timestamp":"2015-04-09T18:39:15.465Z"}
{"get":[{"path":"/gameData","action":"gameData"},{"path":"/login","action":"login"},{"path":"/showDocumentation","action":"showDocumentation"},{"path":"/status","action":"status"}],"post":[{"path":"/gameData","action":"gameData"},{"path":"/login","action":"login"},{"path":"/showDocumentation","action":"showDocumentation"},{"path":"/status","action":"status"}],"put":[{"path":"/gameData","action":"gameData"},{"path":"/login","action":"login"},{"path":"/showDocumentation","action":"showDocumentation"},{"path":"/status","action":"status"}],"patch":[{"path":"/gameData","action":"gameData"},{"path":"/login","action":"login"},{"path":"/showDocumentation","action":"showDocumentation"},{"path":"/status","action":"status"}],"delete":[{"path":"/gameData","action":"gameData"},{"path":"/login","action":"login"},{"path":"/showDocumentation","action":"showDocumentation"},{"path":"/status","action":"status"}],"level":"debug","message":"routes:","timestamp":"2015-04-09T18:39:15.465Z"}
{"level":"debug","message":"action (re)loaded: gameData @ v1, /Users/johnny/Documents/Projects/WorldBank-API/server/actions/gameData.js","timestamp":"2015-04-09T18:39:50.579Z"}
{"get":[{"path":"/gameData","action":"gameData"},{"path":"/login","action":"login"},{"path":"/showDocumentation","action":"showDocumentation"},{"path":"/status","action":"status"}],"post":[{"path":"/gameData","action":"gameData"},{"path":"/login","action":"login"},{"path":"/showDocumentation","action":"showDocumentation"},{"path":"/status","action":"status"}],"put":[{"path":"/gameData","action":"gameData"},{"path":"/login","action":"login"},{"path":"/showDocumentation","action":"showDocumentation"},{"path":"/status","action":"status"}],"patch":[{"path":"/gameData","action":"gameData"},{"path":"/login","action":"login"},{"path":"/showDocumentation","action":"showDocumentation"},{"path":"/status","action":"status"}],"delete":[{"path":"/gameData","action":"gameData"},{"path":"/login","action":"login"},{"path":"/showDocumentation","action":"showDocumentation"},{"path":"/status","action":"status"}],"level":"debug","message":"routes:","timestamp":"2015-04-09T18:39:50.579Z"}
{"to":"127.0.0.1","file":"/Users/johnny/Documents/Projects/WorldBank-API/server/public/index.html","size":4581,"duration":7,"success":true,"level":"debug","message":"[ file @ web ]","timestamp":"2015-04-09T18:46:43.924Z"}
{"to":"127.0.0.1","file":"/Users/johnny/Documents/Projects/WorldBank-API/server/public/assets/vendor/prettify/prettify-min.css","size":675,"duration":2,"success":true,"level":"debug","message":"[ file @ web ]","timestamp":"2015-04-09T18:46:44.023Z"}
{"to":"127.0.0.1","file":"/Users/johnny/Documents/Projects/WorldBank-API/server/public/assets/css/main.css","size":18199,"duration":15,"success":true,"level":"debug","message":"[ file @ web ]","timestamp":"2015-04-09T18:46:44.023Z"}
{"to":"127.0.0.1","file":"/Users/johnny/Documents/Projects/WorldBank-API/server/public/assets/css/logo.png","size":7143,"duration":16,"success":true,"level":"debug","message":"[ file @ web ]","timestamp":"2015-04-09T18:46:44.024Z"}
{"to":"127.0.0.1","file":"/Users/johnny/Documents/Projects/WorldBank-API/server/public/assets/js/api-filter.js","size":1445,"duration":6,"success":true,"level":"debug","message":"[ file @ web ]","timestamp":"2015-04-09T18:46:44.034Z"}
{"to":"127.0.0.1","file":"/Users/johnny/Documents/Projects/WorldBank-API/server/public/assets/js/api-list.js","size":6568,"duration":7,"success":true,"level":"debug","message":"[ file @ web ]","timestamp":"2015-04-09T18:46:44.034Z"}
{"to":"127.0.0.1","file":"/Users/johnny/Documents/Projects/WorldBank-API/server/public/assets/js/api-search.js","size":2924,"duration":7,"success":true,"level":"debug","message":"[ file @ web ]","timestamp":"2015-04-09T18:46:44.034Z"}
{"to":"127.0.0.1","file":"/Users/johnny/Documents/Projects/WorldBank-API/server/public/assets/vendor/prettify/prettify-min.js","size":17803,"duration":7,"success":true,"level":"debug","message":"[ file @ web ]","timestamp":"2015-04-09T18:46:44.034Z"}
{"to":"127.0.0.1","file":"/Users/johnny/Documents/Projects/WorldBank-API/server/public/assets/js/yui-prettify.js","size":482,"duration":8,"success":true,"level":"debug","message":"[ file @ web ]","timestamp":"2015-04-09T18:46:44.035Z"}
{"to":"127.0.0.1","file":"/Users/johnny/Documents/Projects/WorldBank-API/server/public/api.js","size":376,"duration":8,"success":true,"level":"debug","message":"[ file @ web ]","timestamp":"2015-04-09T18:46:44.036Z"}
{"to":"127.0.0.1","file":"/Users/johnny/Documents/Projects/WorldBank-API/server/public/assets/js/apidocs.js","size":10297,"duration":3,"success":true,"level":"debug","message":"[ file @ web ]","timestamp":"2015-04-09T18:46:44.037Z"}
{"to":"127.0.0.1","file":"/Users/johnny/Documents/Projects/WorldBank-API/server/public/assets/favicon.ico","size":5430,"duration":1,"success":true,"level":"debug","message":"[ file @ web ]","timestamp":"2015-04-09T18:46:44.372Z"}
{"to":"127.0.0.1","file":"/Users/johnny/Documents/Projects/WorldBank-API/server/public/assets/img/spinner.gif","size":2685,"duration":0,"success":true,"level":"debug","message":"[ file @ web ]","timestamp":"2015-04-09T18:46:46.280Z"}
{"to":"127.0.0.1","file":"/Users/johnny/Documents/Projects/WorldBank-API/server/public/classes/gameData.html","size":4439,"duration":1,"success":true,"level":"debug","message":"[ file @ web ]","timestamp":"2015-04-09T18:46:46.287Z"}
{"to":"127.0.0.1","file":"{404: not found}","size":null,"duration":null,"success":false,"level":"debug","message":"[ file @ web ]","timestamp":"2015-04-09T18:46:46.376Z"}
{"to":"127.0.0.1","file":"/Users/johnny/Documents/Projects/WorldBank-API/server/public/modules/api_.html","size":4478,"duration":0,"success":true,"level":"debug","message":"[ file @ web ]","timestamp":"2015-04-09T18:46:51.168Z"}
{"to":"127.0.0.1","file":"{404: not found}","size":null,"duration":null,"success":false,"level":"debug","message":"[ file @ web ]","timestamp":"2015-04-09T18:46:51.207Z"}
{"level":"info","message":"\r\n\r\n*** rebooting due to config change (/Users/johnny/Documents/Projects/WorldBank-API/server/config/api.js) ***\r\n\r\n","timestamp":"2015-04-09T18:47:49.143Z"}
{"level":"alert","message":"Shutting down open servers and stopping task processing","timestamp":"2015-04-09T18:47:49.144Z"}
{"level":"debug","message":" > stop: resque /Users/johnny/Documents/Projects/WorldBank-API/server/node_modules/actionhero/initializers/resque.js","timestamp":"2015-04-09T18:47:49.144Z"}
{"level":"notice","message":"*** starting actionhero ***","timestamp":"2015-04-09T18:47:49.210Z"}
{"level":"debug","message":"   stoped: resque /Users/johnny/Documents/Projects/WorldBank-API/server/node_modules/actionhero/initializers/resque.js","timestamp":"2015-04-09T18:47:49.145Z"}
{"level":"warning","message":"running with fakeredis","timestamp":"2015-04-09T18:47:49.211Z"}
{"level":"debug","message":" > stop: servers /Users/johnny/Documents/Projects/WorldBank-API/server/node_modules/actionhero/initializers/servers.js","timestamp":"2015-04-09T18:47:49.145Z"}
{"level":"notice","message":"*** starting actionhero ***","timestamp":"2015-04-09T18:48:23.980Z"}
{"level":"warning","message":"running with fakeredis","timestamp":"2015-04-09T18:48:24.025Z"}
{"level":"notice","message":"*** starting actionhero ***","timestamp":"2015-04-09T18:49:37.153Z"}
{"level":"warning","message":"running with fakeredis","timestamp":"2015-04-09T18:49:37.171Z"}
{"level":"debug","message":"action loaded: gameData @ v1, /Users/johnny/Documents/Projects/WorldBank-API/server/actions/gameData.js","timestamp":"2015-04-09T18:49:37.183Z"}
{"level":"debug","message":"action loaded: login @ v1, /Users/johnny/Documents/Projects/WorldBank-API/server/actions/login.js","timestamp":"2015-04-09T18:49:37.184Z"}
{"level":"debug","message":"action loaded: showDocumentation @ v1, /Users/johnny/Documents/Projects/WorldBank-API/server/actions/showDocumentation.js","timestamp":"2015-04-09T18:49:37.185Z"}
{"level":"debug","message":"action loaded: status @ v1, /Users/johnny/Documents/Projects/WorldBank-API/server/actions/status.js","timestamp":"2015-04-09T18:49:37.186Z"}
{"get":[{"path":"/gameData","action":"gameData"},{"path":"/login","action":"login"},{"path":"/showDocumentation","action":"showDocumentation"},{"path":"/status","action":"status"}],"post":[{"path":"/gameData","action":"gameData"},{"path":"/login","action":"login"},{"path":"/showDocumentation","action":"showDocumentation"},{"path":"/status","action":"status"}],"put":[{"path":"/gameData","action":"gameData"},{"path":"/login","action":"login"},{"path":"/showDocumentation","action":"showDocumentation"},{"path":"/status","action":"status"}],"patch":[{"path":"/gameData","action":"gameData"},{"path":"/login","action":"login"},{"path":"/showDocumentation","action":"showDocumentation"},{"path":"/status","action":"status"}],"delete":[{"path":"/gameData","action":"gameData"},{"path":"/login","action":"login"},{"path":"/showDocumentation","action":"showDocumentation"},{"path":"/status","action":"status"}],"level":"debug","message":"routes:","timestamp":"2015-04-09T18:49:37.189Z"}
{"level":"debug","message":"initialized server: web","timestamp":"2015-04-09T18:49:37.311Z"}
{"level":"debug","message":"initialized server: websocket","timestamp":"2015-04-09T18:49:37.311Z"}
{"level":"debug","message":" > start: pids /Users/johnny/Documents/Projects/WorldBank-API/server/node_modules/actionhero/initializers/pids.js","timestamp":"2015-04-09T18:49:37.314Z"}
{"level":"notice","message":"pid: 56346","timestamp":"2015-04-09T18:49:37.314Z"}
{"level":"debug","message":"   started: pids /Users/johnny/Documents/Projects/WorldBank-API/server/node_modules/actionhero/initializers/pids.js","timestamp":"2015-04-09T18:49:37.315Z"}
{"level":"debug","message":" > start: id /Users/johnny/Documents/Projects/WorldBank-API/server/node_modules/actionhero/initializers/id.js","timestamp":"2015-04-09T18:49:37.315Z"}
{"level":"notice","message":"server ID: 199.94.68.185","timestamp":"2015-04-09T18:49:37.315Z"}
{"level":"debug","message":"   started: id /Users/johnny/Documents/Projects/WorldBank-API/server/node_modules/actionhero/initializers/id.js","timestamp":"2015-04-09T18:49:37.315Z"}
{"level":"debug","message":" > start: redis /Users/johnny/Documents/Projects/WorldBank-API/server/node_modules/actionhero/initializers/redis.js","timestamp":"2015-04-09T18:49:37.315Z"}
{"level":"debug","message":"   started: redis /Users/johnny/Documents/Projects/WorldBank-API/server/node_modules/actionhero/initializers/redis.js","timestamp":"2015-04-09T18:49:37.315Z"}
{"level":"debug","message":" > start: chatRoom /Users/johnny/Documents/Projects/WorldBank-API/server/node_modules/actionhero/initializers/chatRoom.js","timestamp":"2015-04-09T18:49:37.315Z"}
{"level":"info","message":"ensuring the existence of the chatRoom: defaultRoom","timestamp":"2015-04-09T18:49:37.315Z"}
{"level":"info","message":"ensuring the existence of the chatRoom: anotherRoom","timestamp":"2015-04-09T18:49:37.316Z"}
{"level":"debug","message":"   started: chatRoom /Users/johnny/Documents/Projects/WorldBank-API/server/node_modules/actionhero/initializers/chatRoom.js","timestamp":"2015-04-09T18:49:37.316Z"}
{"level":"debug","message":" > start: resque /Users/johnny/Documents/Projects/WorldBank-API/server/node_modules/actionhero/initializers/resque.js","timestamp":"2015-04-09T18:49:37.316Z"}
{"level":"debug","message":"   started: resque /Users/johnny/Documents/Projects/WorldBank-API/server/node_modules/actionhero/initializers/resque.js","timestamp":"2015-04-09T18:49:37.318Z"}
{"level":"debug","message":" > start: servers /Users/johnny/Documents/Projects/WorldBank-API/server/node_modules/actionhero/initializers/servers.js","timestamp":"2015-04-09T18:49:37.319Z"}
{"level":"notice","message":"starting server: web","timestamp":"2015-04-09T18:49:37.319Z"}
{"level":"notice","message":"starting server: websocket","timestamp":"2015-04-09T18:49:37.325Z"}
{"level":"debug","message":"webSockets bound to 0.0.0.0:3000","timestamp":"2015-04-09T18:49:37.365Z"}
{"level":"debug","message":"wrote /Users/johnny/Documents/Projects/WorldBank-API/server/public/javascript/actionheroClient.js","timestamp":"2015-04-09T18:49:37.367Z"}
{"level":"debug","message":"wrote /Users/johnny/Documents/Projects/WorldBank-API/server/public/javascript/actionheroClient.min.js","timestamp":"2015-04-09T18:49:37.959Z"}
{"level":"debug","message":"   started: servers /Users/johnny/Documents/Projects/WorldBank-API/server/node_modules/actionhero/initializers/servers.js","timestamp":"2015-04-09T18:49:37.960Z"}
{"level":"debug","message":" > start: stats /Users/johnny/Documents/Projects/WorldBank-API/server/node_modules/actionhero/initializers/stats.js","timestamp":"2015-04-09T18:49:37.960Z"}
{"level":"debug","message":"   started: stats /Users/johnny/Documents/Projects/WorldBank-API/server/node_modules/actionhero/initializers/stats.js","timestamp":"2015-04-09T18:49:37.960Z"}
{"level":"debug","message":" > start: tasks /Users/johnny/Documents/Projects/WorldBank-API/server/node_modules/actionhero/initializers/tasks.js","timestamp":"2015-04-09T18:49:37.960Z"}
{"level":"debug","message":"   started: tasks /Users/johnny/Documents/Projects/WorldBank-API/server/node_modules/actionhero/initializers/tasks.js","timestamp":"2015-04-09T18:49:37.960Z"}
{"level":"debug","message":" > start: specHelper /Users/johnny/Documents/Projects/WorldBank-API/server/node_modules/actionhero/initializers/specHelper.js","timestamp":"2015-04-09T18:49:37.960Z"}
{"level":"debug","message":"   started: specHelper /Users/johnny/Documents/Projects/WorldBank-API/server/node_modules/actionhero/initializers/specHelper.js","timestamp":"2015-04-09T18:49:37.961Z"}
{"level":"debug","message":" > start: configLoader /Users/johnny/Documents/Projects/WorldBank-API/server/node_modules/actionhero/initializers/configLoader.js","timestamp":"2015-04-09T18:49:37.961Z"}
{"level":"notice","message":"environment: development","timestamp":"2015-04-09T18:49:37.961Z"}
{"level":"debug","message":"   started: configLoader /Users/johnny/Documents/Projects/WorldBank-API/server/node_modules/actionhero/initializers/configLoader.js","timestamp":"2015-04-09T18:49:37.961Z"}
{"level":"debug","message":" > start: session /Users/johnny/Documents/Projects/WorldBank-API/server/initializers/session.js","timestamp":"2015-04-09T18:49:37.961Z"}
{"level":"debug","message":"   started: session /Users/johnny/Documents/Projects/WorldBank-API/server/initializers/session.js","timestamp":"2015-04-09T18:49:37.961Z"}
{"level":"notice","message":"*** Server Started @ 2015-04-09 14:49:37 ***","timestamp":"2015-04-09T18:49:37.961Z"}
{"level":"info","message":"actionhero member 199.94.68.185 has joined the cluster","timestamp":"2015-04-09T18:49:37.964Z"}
{"to":"127.0.0.1","file":"/Users/johnny/Documents/Projects/WorldBank-API/server/public/index.html","size":4581,"duration":35,"success":true,"level":"debug","message":"[ file @ web ]","timestamp":"2015-04-09T18:49:38.940Z"}
{"to":"127.0.0.1","file":"/Users/johnny/Documents/Projects/WorldBank-API/server/public/assets/vendor/prettify/prettify-min.css","size":675,"duration":16,"success":true,"level":"debug","message":"[ file @ web ]","timestamp":"2015-04-09T18:49:39.033Z"}
{"to":"127.0.0.1","file":"/Users/johnny/Documents/Projects/WorldBank-API/server/public/assets/css/main.css","size":18199,"duration":15,"success":true,"level":"debug","message":"[ file @ web ]","timestamp":"2015-04-09T18:49:39.034Z"}
{"to":"127.0.0.1","file":"/Users/johnny/Documents/Projects/WorldBank-API/server/public/assets/vendor/prettify/prettify-min.js","size":17803,"duration":15,"success":true,"level":"debug","message":"[ file @ web ]","timestamp":"2015-04-09T18:49:39.035Z"}
{"to":"127.0.0.1","file":"/Users/johnny/Documents/Projects/WorldBank-API/server/public/assets/js/yui-prettify.js","size":482,"duration":14,"success":true,"level":"debug","message":"[ file @ web ]","timestamp":"2015-04-09T18:49:39.035Z"}
{"to":"127.0.0.1","file":"/Users/johnny/Documents/Projects/WorldBank-API/server/public/assets/css/logo.png","size":7143,"duration":28,"success":true,"level":"debug","message":"[ file @ web ]","timestamp":"2015-04-09T18:49:39.049Z"}
{"to":"127.0.0.1","file":"/Users/johnny/Documents/Projects/WorldBank-API/server/public/assets/js/api-filter.js","size":1445,"duration":16,"success":true,"level":"debug","message":"[ file @ web ]","timestamp":"2015-04-09T18:49:39.051Z"}
{"to":"127.0.0.1","file":"/Users/johnny/Documents/Projects/WorldBank-API/server/public/assets/js/api-list.js","size":6568,"duration":17,"success":true,"level":"debug","message":"[ file @ web ]","timestamp":"2015-04-09T18:49:39.052Z"}
{"to":"127.0.0.1","file":"/Users/johnny/Documents/Projects/WorldBank-API/server/public/api.js","size":376,"duration":24,"success":true,"level":"debug","message":"[ file @ web ]","timestamp":"2015-04-09T18:49:39.053Z"}
{"to":"127.0.0.1","file":"/Users/johnny/Documents/Projects/WorldBank-API/server/public/assets/js/api-search.js","size":2924,"duration":18,"success":true,"level":"debug","message":"[ file @ web ]","timestamp":"2015-04-09T18:49:39.053Z"}
{"to":"127.0.0.1","file":"/Users/johnny/Documents/Projects/WorldBank-API/server/public/assets/js/apidocs.js","size":10297,"duration":17,"success":true,"level":"debug","message":"[ file @ web ]","timestamp":"2015-04-09T18:49:39.053Z"}
{"to":"127.0.0.1","file":"/Users/johnny/Documents/Projects/WorldBank-API/server/public/index.html","size":4581,"duration":4,"success":true,"level":"debug","message":"[ file @ web ]","timestamp":"2015-04-09T18:49:42.155Z"}
{"to":"127.0.0.1","file":"/Users/johnny/Documents/Projects/WorldBank-API/server/public/assets/css/logo.png","size":7143,"duration":2,"success":true,"level":"debug","message":"[ file @ web ]","timestamp":"2015-04-09T18:49:42.198Z"}
{"to":"127.0.0.1","file":"/Users/johnny/Documents/Projects/WorldBank-API/server/public/assets/css/main.css","size":18199,"duration":7,"success":true,"level":"debug","message":"[ file @ web ]","timestamp":"2015-04-09T18:49:42.210Z"}
{"to":"127.0.0.1","file":"/Users/johnny/Documents/Projects/WorldBank-API/server/public/assets/vendor/prettify/prettify-min.css","size":675,"duration":15,"success":true,"level":"debug","message":"[ file @ web ]","timestamp":"2015-04-09T18:49:42.212Z"}
{"to":"127.0.0.1","file":"/Users/johnny/Documents/Projects/WorldBank-API/server/public/assets/js/yui-prettify.js","size":482,"duration":17,"success":true,"level":"debug","message":"[ file @ web ]","timestamp":"2015-04-09T18:49:42.220Z"}
{"to":"127.0.0.1","file":"/Users/johnny/Documents/Projects/WorldBank-API/server/public/assets/vendor/prettify/prettify-min.js","size":17803,"duration":23,"success":true,"level":"debug","message":"[ file @ web ]","timestamp":"2015-04-09T18:49:42.220Z"}
{"to":"127.0.0.1","file":"/Users/johnny/Documents/Projects/WorldBank-API/server/public/api.js","size":376,"duration":23,"success":true,"level":"debug","message":"[ file @ web ]","timestamp":"2015-04-09T18:49:42.220Z"}
{"to":"127.0.0.1","file":"/Users/johnny/Documents/Projects/WorldBank-API/server/public/assets/js/api-filter.js","size":1445,"duration":4,"success":true,"level":"debug","message":"[ file @ web ]","timestamp":"2015-04-09T18:49:42.241Z"}
{"to":"127.0.0.1","file":"/Users/johnny/Documents/Projects/WorldBank-API/server/public/assets/js/api-list.js","size":6568,"duration":5,"success":true,"level":"debug","message":"[ file @ web ]","timestamp":"2015-04-09T18:49:42.242Z"}
{"to":"127.0.0.1","file":"/Users/johnny/Documents/Projects/WorldBank-API/server/public/assets/js/api-search.js","size":2924,"duration":3,"success":true,"level":"debug","message":"[ file @ web ]","timestamp":"2015-04-09T18:49:42.243Z"}
{"to":"127.0.0.1","file":"/Users/johnny/Documents/Projects/WorldBank-API/server/public/assets/js/apidocs.js","size":10297,"duration":6,"success":true,"level":"debug","message":"[ file @ web ]","timestamp":"2015-04-09T18:49:42.247Z"}
{"to":"127.0.0.1","file":"/Users/johnny/Documents/Projects/WorldBank-API/server/public/assets/favicon.ico","size":5430,"duration":17,"success":true,"level":"debug","message":"[ file @ web ]","timestamp":"2015-04-09T18:49:42.624Z"}
{"to":"127.0.0.1","file":"/Users/johnny/Documents/Projects/WorldBank-API/server/public/assets/img/spinner.gif","size":2685,"duration":2,"success":true,"level":"debug","message":"[ file @ web ]","timestamp":"2015-04-09T18:49:44.131Z"}
{"to":"127.0.0.1","file":"/Users/johnny/Documents/Projects/WorldBank-API/server/public/classes/gameData.html","size":4439,"duration":13,"success":true,"level":"debug","message":"[ file @ web ]","timestamp":"2015-04-09T18:49:44.148Z"}
{"to":"127.0.0.1","file":"/Users/johnny/Documents/Projects/WorldBank-API/server/public/modules/api_.html","size":4478,"duration":12,"success":true,"level":"debug","message":"[ file @ web ]","timestamp":"2015-04-09T18:49:47.404Z"}
{"level":"debug","message":"action (re)loaded: gameData @ v1, /Users/johnny/Documents/Projects/WorldBank-API/server/actions/gameData.js","timestamp":"2015-04-09T18:50:03.265Z"}
{"get":[{"path":"/gameData","action":"gameData"},{"path":"/login","action":"login"},{"path":"/showDocumentation","action":"showDocumentation"},{"path":"/status","action":"status"}],"post":[{"path":"/gameData","action":"gameData"},{"path":"/login","action":"login"},{"path":"/showDocumentation","action":"showDocumentation"},{"path":"/status","action":"status"}],"put":[{"path":"/gameData","action":"gameData"},{"path":"/login","action":"login"},{"path":"/showDocumentation","action":"showDocumentation"},{"path":"/status","action":"status"}],"patch":[{"path":"/gameData","action":"gameData"},{"path":"/login","action":"login"},{"path":"/showDocumentation","action":"showDocumentation"},{"path":"/status","action":"status"}],"delete":[{"path":"/gameData","action":"gameData"},{"path":"/login","action":"login"},{"path":"/showDocumentation","action":"showDocumentation"},{"path":"/status","action":"status"}],"level":"debug","message":"routes:","timestamp":"2015-04-09T18:50:03.266Z"}
{"to":"127.0.0.1","file":"/Users/johnny/Documents/Projects/WorldBank-API/server/public/modules/api_.html","size":4384,"duration":4,"success":true,"level":"debug","message":"[ file @ web ]","timestamp":"2015-04-09T18:50:20.419Z"}
{"to":"127.0.0.1","file":"/Users/johnny/Documents/Projects/WorldBank-API/server/public/assets/vendor/prettify/prettify-min.css","size":675,"duration":2,"success":true,"level":"debug","message":"[ file @ web ]","timestamp":"2015-04-09T18:50:20.476Z"}
{"to":"127.0.0.1","file":"/Users/johnny/Documents/Projects/WorldBank-API/server/public/assets/css/main.css","size":18199,"duration":3,"success":true,"level":"debug","message":"[ file @ web ]","timestamp":"2015-04-09T18:50:20.477Z"}
{"to":"127.0.0.1","file":"/Users/johnny/Documents/Projects/WorldBank-API/server/public/assets/css/logo.png","size":7143,"duration":3,"success":true,"level":"debug","message":"[ file @ web ]","timestamp":"2015-04-09T18:50:20.477Z"}
{"to":"127.0.0.1","file":"/Users/johnny/Documents/Projects/WorldBank-API/server/public/assets/vendor/prettify/prettify-min.js","size":17803,"duration":2,"success":true,"level":"debug","message":"[ file @ web ]","timestamp":"2015-04-09T18:50:20.477Z"}
{"to":"127.0.0.1","file":"/Users/johnny/Documents/Projects/WorldBank-API/server/public/assets/js/yui-prettify.js","size":482,"duration":2,"success":true,"level":"debug","message":"[ file @ web ]","timestamp":"2015-04-09T18:50:20.477Z"}
{"to":"127.0.0.1","file":"/Users/johnny/Documents/Projects/WorldBank-API/server/public/api.js","size":259,"duration":2,"success":true,"level":"debug","message":"[ file @ web ]","timestamp":"2015-04-09T18:50:20.477Z"}
{"to":"127.0.0.1","file":"/Users/johnny/Documents/Projects/WorldBank-API/server/public/assets/js/api-filter.js","size":1445,"duration":1,"success":true,"level":"debug","message":"[ file @ web ]","timestamp":"2015-04-09T18:50:20.486Z"}
{"to":"127.0.0.1","file":"/Users/johnny/Documents/Projects/WorldBank-API/server/public/assets/js/api-list.js","size":6568,"duration":1,"success":true,"level":"debug","message":"[ file @ web ]","timestamp":"2015-04-09T18:50:20.487Z"}
{"to":"127.0.0.1","file":"/Users/johnny/Documents/Projects/WorldBank-API/server/public/assets/js/api-search.js","size":2924,"duration":2,"success":true,"level":"debug","message":"[ file @ web ]","timestamp":"2015-04-09T18:50:20.487Z"}
{"to":"127.0.0.1","file":"/Users/johnny/Documents/Projects/WorldBank-API/server/public/assets/js/apidocs.js","size":10297,"duration":2,"success":true,"level":"debug","message":"[ file @ web ]","timestamp":"2015-04-09T18:50:20.487Z"}
{"level":"alert","message":"Shutting down open servers and stopping task processing","timestamp":"2015-04-09T18:59:23.010Z"}
{"level":"notice","message":"*** starting actionhero ***","timestamp":"2015-04-09T19:03:24.983Z"}
{"level":"warning","message":"running with fakeredis","timestamp":"2015-04-09T19:03:25.003Z"}
{"level":"debug","message":"action loaded: gameData @ v1, /Users/johnny/Documents/Projects/WorldBank-API/server/actions/gameData.js","timestamp":"2015-04-09T19:03:25.014Z"}
{"level":"debug","message":"action loaded: login @ v1, /Users/johnny/Documents/Projects/WorldBank-API/server/actions/login.js","timestamp":"2015-04-09T19:03:25.015Z"}
{"level":"debug","message":"action loaded: showDocumentation @ v1, /Users/johnny/Documents/Projects/WorldBank-API/server/actions/showDocumentation.js","timestamp":"2015-04-09T19:03:25.016Z"}
{"level":"debug","message":"action loaded: status @ v1, /Users/johnny/Documents/Projects/WorldBank-API/server/actions/status.js","timestamp":"2015-04-09T19:03:25.016Z"}
{"get":[{"path":"/gameData","action":"gameData"},{"path":"/login","action":"login"},{"path":"/showDocumentation","action":"showDocumentation"},{"path":"/status","action":"status"}],"post":[{"path":"/gameData","action":"gameData"},{"path":"/login","action":"login"},{"path":"/showDocumentation","action":"showDocumentation"},{"path":"/status","action":"status"}],"put":[{"path":"/gameData","action":"gameData"},{"path":"/login","action":"login"},{"path":"/showDocumentation","action":"showDocumentation"},{"path":"/status","action":"status"}],"patch":[{"path":"/gameData","action":"gameData"},{"path":"/login","action":"login"},{"path":"/showDocumentation","action":"showDocumentation"},{"path":"/status","action":"status"}],"delete":[{"path":"/gameData","action":"gameData"},{"path":"/login","action":"login"},{"path":"/showDocumentation","action":"showDocumentation"},{"path":"/status","action":"status"}],"level":"debug","message":"routes:","timestamp":"2015-04-09T19:03:25.019Z"}
{"level":"debug","message":"initialized server: web","timestamp":"2015-04-09T19:03:25.166Z"}
{"level":"debug","message":"initialized server: websocket","timestamp":"2015-04-09T19:03:25.166Z"}
{"level":"debug","message":" > start: pids /Users/johnny/Documents/Projects/WorldBank-API/server/node_modules/actionhero/initializers/pids.js","timestamp":"2015-04-09T19:03:25.170Z"}
{"level":"notice","message":"pid: 57318","timestamp":"2015-04-09T19:03:25.171Z"}
{"level":"debug","message":"   started: pids /Users/johnny/Documents/Projects/WorldBank-API/server/node_modules/actionhero/initializers/pids.js","timestamp":"2015-04-09T19:03:25.171Z"}
{"level":"debug","message":" > start: id /Users/johnny/Documents/Projects/WorldBank-API/server/node_modules/actionhero/initializers/id.js","timestamp":"2015-04-09T19:03:25.171Z"}
{"level":"notice","message":"server ID: 199.94.68.185","timestamp":"2015-04-09T19:03:25.171Z"}
{"level":"debug","message":"   started: id /Users/johnny/Documents/Projects/WorldBank-API/server/node_modules/actionhero/initializers/id.js","timestamp":"2015-04-09T19:03:25.172Z"}
{"level":"debug","message":" > start: redis /Users/johnny/Documents/Projects/WorldBank-API/server/node_modules/actionhero/initializers/redis.js","timestamp":"2015-04-09T19:03:25.172Z"}
{"level":"debug","message":"   started: redis /Users/johnny/Documents/Projects/WorldBank-API/server/node_modules/actionhero/initializers/redis.js","timestamp":"2015-04-09T19:03:25.172Z"}
{"level":"debug","message":" > start: chatRoom /Users/johnny/Documents/Projects/WorldBank-API/server/node_modules/actionhero/initializers/chatRoom.js","timestamp":"2015-04-09T19:03:25.172Z"}
{"level":"info","message":"ensuring the existence of the chatRoom: defaultRoom","timestamp":"2015-04-09T19:03:25.172Z"}
{"level":"info","message":"ensuring the existence of the chatRoom: anotherRoom","timestamp":"2015-04-09T19:03:25.172Z"}
{"level":"debug","message":"   started: chatRoom /Users/johnny/Documents/Projects/WorldBank-API/server/node_modules/actionhero/initializers/chatRoom.js","timestamp":"2015-04-09T19:03:25.173Z"}
{"level":"debug","message":" > start: resque /Users/johnny/Documents/Projects/WorldBank-API/server/node_modules/actionhero/initializers/resque.js","timestamp":"2015-04-09T19:03:25.173Z"}
{"level":"debug","message":"   started: resque /Users/johnny/Documents/Projects/WorldBank-API/server/node_modules/actionhero/initializers/resque.js","timestamp":"2015-04-09T19:03:25.175Z"}
{"level":"debug","message":" > start: servers /Users/johnny/Documents/Projects/WorldBank-API/server/node_modules/actionhero/initializers/servers.js","timestamp":"2015-04-09T19:03:25.176Z"}
{"level":"notice","message":"starting server: web","timestamp":"2015-04-09T19:03:25.176Z"}
{"level":"notice","message":"starting server: websocket","timestamp":"2015-04-09T19:03:25.181Z"}
{"level":"debug","message":"webSockets bound to 0.0.0.0:3000","timestamp":"2015-04-09T19:03:25.223Z"}
{"level":"debug","message":"wrote /Users/johnny/Documents/Projects/WorldBank-API/server/public/javascript/actionheroClient.js","timestamp":"2015-04-09T19:03:25.226Z"}
{"level":"debug","message":"wrote /Users/johnny/Documents/Projects/WorldBank-API/server/public/javascript/actionheroClient.min.js","timestamp":"2015-04-09T19:03:25.837Z"}
{"level":"debug","message":"   started: servers /Users/johnny/Documents/Projects/WorldBank-API/server/node_modules/actionhero/initializers/servers.js","timestamp":"2015-04-09T19:03:25.838Z"}
{"level":"debug","message":" > start: stats /Users/johnny/Documents/Projects/WorldBank-API/server/node_modules/actionhero/initializers/stats.js","timestamp":"2015-04-09T19:03:25.838Z"}
{"level":"debug","message":"   started: stats /Users/johnny/Documents/Projects/WorldBank-API/server/node_modules/actionhero/initializers/stats.js","timestamp":"2015-04-09T19:03:25.838Z"}
{"level":"debug","message":" > start: tasks /Users/johnny/Documents/Projects/WorldBank-API/server/node_modules/actionhero/initializers/tasks.js","timestamp":"2015-04-09T19:03:25.838Z"}
{"level":"debug","message":"   started: tasks /Users/johnny/Documents/Projects/WorldBank-API/server/node_modules/actionhero/initializers/tasks.js","timestamp":"2015-04-09T19:03:25.839Z"}
{"level":"debug","message":" > start: specHelper /Users/johnny/Documents/Projects/WorldBank-API/server/node_modules/actionhero/initializers/specHelper.js","timestamp":"2015-04-09T19:03:25.839Z"}
{"level":"debug","message":"   started: specHelper /Users/johnny/Documents/Projects/WorldBank-API/server/node_modules/actionhero/initializers/specHelper.js","timestamp":"2015-04-09T19:03:25.839Z"}
{"level":"debug","message":" > start: configLoader /Users/johnny/Documents/Projects/WorldBank-API/server/node_modules/actionhero/initializers/configLoader.js","timestamp":"2015-04-09T19:03:25.839Z"}
{"level":"notice","message":"environment: development","timestamp":"2015-04-09T19:03:25.839Z"}
{"level":"debug","message":"   started: configLoader /Users/johnny/Documents/Projects/WorldBank-API/server/node_modules/actionhero/initializers/configLoader.js","timestamp":"2015-04-09T19:03:25.839Z"}
{"level":"debug","message":" > start: session /Users/johnny/Documents/Projects/WorldBank-API/server/initializers/session.js","timestamp":"2015-04-09T19:03:25.839Z"}
{"level":"debug","message":"   started: session /Users/johnny/Documents/Projects/WorldBank-API/server/initializers/session.js","timestamp":"2015-04-09T19:03:25.840Z"}
{"level":"notice","message":"*** Server Started @ 2015-04-09 15:03:25 ***","timestamp":"2015-04-09T19:03:25.840Z"}
{"level":"info","message":"actionhero member 199.94.68.185 has joined the cluster","timestamp":"2015-04-09T19:03:25.843Z"}
{"to":"127.0.0.1","file":"{404: not found}","size":null,"duration":null,"success":false,"level":"debug","message":"[ file @ web ]","timestamp":"2015-04-09T19:04:38.452Z"}
{"to":"127.0.0.1","file":"/Users/johnny/Documents/Projects/WorldBank-API/server/public/docs/index.html","size":4581,"duration":4,"success":true,"level":"debug","message":"[ file @ web ]","timestamp":"2015-04-09T19:04:42.571Z"}
{"to":"127.0.0.1","file":"{404: not found}","size":null,"duration":null,"success":false,"level":"debug","message":"[ file @ web ]","timestamp":"2015-04-09T19:04:42.609Z"}
{"to":"127.0.0.1","file":"{404: not found}","size":null,"duration":null,"success":false,"level":"debug","message":"[ file @ web ]","timestamp":"2015-04-09T19:04:42.643Z"}
{"to":"127.0.0.1","file":"{404: not found}","size":null,"duration":null,"success":false,"level":"debug","message":"[ file @ web ]","timestamp":"2015-04-09T19:04:42.644Z"}
{"to":"127.0.0.1","file":"{404: not found}","size":null,"duration":null,"success":false,"level":"debug","message":"[ file @ web ]","timestamp":"2015-04-09T19:04:42.644Z"}
{"to":"127.0.0.1","file":"{404: not found}","size":null,"duration":null,"success":false,"level":"debug","message":"[ file @ web ]","timestamp":"2015-04-09T19:04:42.644Z"}
{"to":"127.0.0.1","file":"{404: not found}","size":null,"duration":null,"success":false,"level":"debug","message":"[ file @ web ]","timestamp":"2015-04-09T19:04:42.645Z"}
{"to":"127.0.0.1","file":"{404: not found}","size":null,"duration":null,"success":false,"level":"debug","message":"[ file @ web ]","timestamp":"2015-04-09T19:04:42.645Z"}
{"to":"127.0.0.1","file":"{404: not found}","size":null,"duration":null,"success":false,"level":"debug","message":"[ file @ web ]","timestamp":"2015-04-09T19:04:42.647Z"}
{"to":"127.0.0.1","file":"{404: not found}","size":null,"duration":null,"success":false,"level":"debug","message":"[ file @ web ]","timestamp":"2015-04-09T19:04:42.649Z"}
{"to":"127.0.0.1","file":"{404: not found}","size":null,"duration":null,"success":false,"level":"debug","message":"[ file @ web ]","timestamp":"2015-04-09T19:04:42.649Z"}
{"to":"127.0.0.1","file":"{404: not found}","size":null,"duration":null,"success":false,"level":"debug","message":"[ file @ web ]","timestamp":"2015-04-09T19:04:54.824Z"}
{"to":"127.0.0.1","file":"{404: not found}","size":null,"duration":null,"success":false,"level":"debug","message":"[ file @ web ]","timestamp":"2015-04-09T19:04:54.831Z"}
{"to":"127.0.0.1","file":"{404: not found}","size":null,"duration":null,"success":false,"level":"debug","message":"[ file @ web ]","timestamp":"2015-04-09T19:04:54.832Z"}
{"to":"127.0.0.1","file":"{404: not found}","size":null,"duration":null,"success":false,"level":"debug","message":"[ file @ web ]","timestamp":"2015-04-09T19:04:54.836Z"}
{"to":"127.0.0.1","file":"{404: not found}","size":null,"duration":null,"success":false,"level":"debug","message":"[ file @ web ]","timestamp":"2015-04-09T19:04:54.836Z"}
{"to":"127.0.0.1","file":"{404: not found}","size":null,"duration":null,"success":false,"level":"debug","message":"[ file @ web ]","timestamp":"2015-04-09T19:04:54.837Z"}
{"to":"127.0.0.1","file":"/Users/johnny/Documents/Projects/WorldBank-API/server/public/docs/index.html","size":4581,"duration":1,"success":true,"level":"debug","message":"[ file @ web ]","timestamp":"2015-04-09T19:04:57.942Z"}
{"to":"127.0.0.1","file":"/Users/johnny/Documents/Projects/WorldBank-API/server/public/docs/assets/vendor/prettify/prettify-min.css","size":675,"duration":2,"success":true,"level":"debug","message":"[ file @ web ]","timestamp":"2015-04-09T19:04:57.985Z"}
{"to":"127.0.0.1","file":"/Users/johnny/Documents/Projects/WorldBank-API/server/public/docs/assets/css/main.css","size":18199,"duration":3,"success":true,"level":"debug","message":"[ file @ web ]","timestamp":"2015-04-09T19:04:57.985Z"}
{"to":"127.0.0.1","file":"/Users/johnny/Documents/Projects/WorldBank-API/server/public/docs/assets/vendor/prettify/prettify-min.js","size":17803,"duration":3,"success":true,"level":"debug","message":"[ file @ web ]","timestamp":"2015-04-09T19:04:57.986Z"}
{"to":"127.0.0.1","file":"/Users/johnny/Documents/Projects/WorldBank-API/server/public/docs/assets/css/logo.png","size":7143,"duration":5,"success":true,"level":"debug","message":"[ file @ web ]","timestamp":"2015-04-09T19:04:57.987Z"}
{"to":"127.0.0.1","file":"/Users/johnny/Documents/Projects/WorldBank-API/server/public/docs/assets/js/yui-prettify.js","size":482,"duration":4,"success":true,"level":"debug","message":"[ file @ web ]","timestamp":"2015-04-09T19:04:57.987Z"}
{"to":"127.0.0.1","file":"/Users/johnny/Documents/Projects/WorldBank-API/server/public/docs/api.js","size":259,"duration":4,"success":true,"level":"debug","message":"[ file @ web ]","timestamp":"2015-04-09T19:04:57.987Z"}
{"to":"127.0.0.1","file":"/Users/johnny/Documents/Projects/WorldBank-API/server/public/docs/assets/js/api-filter.js","size":1445,"duration":4,"success":true,"level":"debug","message":"[ file @ web ]","timestamp":"2015-04-09T19:04:57.993Z"}
{"to":"127.0.0.1","file":"/Users/johnny/Documents/Projects/WorldBank-API/server/public/docs/assets/js/api-list.js","size":6568,"duration":4,"success":true,"level":"debug","message":"[ file @ web ]","timestamp":"2015-04-09T19:04:57.997Z"}
{"to":"127.0.0.1","file":"/Users/johnny/Documents/Projects/WorldBank-API/server/public/docs/assets/js/api-search.js","size":2924,"duration":5,"success":true,"level":"debug","message":"[ file @ web ]","timestamp":"2015-04-09T19:04:57.998Z"}
{"to":"127.0.0.1","file":"/Users/johnny/Documents/Projects/WorldBank-API/server/public/docs/assets/js/apidocs.js","size":10297,"duration":6,"success":true,"level":"debug","message":"[ file @ web ]","timestamp":"2015-04-09T19:04:57.999Z"}
{"to":"127.0.0.1","file":"/Users/johnny/Documents/Projects/WorldBank-API/server/public/docs/assets/favicon.ico","size":5430,"duration":0,"success":true,"level":"debug","message":"[ file @ web ]","timestamp":"2015-04-09T19:04:58.235Z"}
{"to":"127.0.0.1","file":"/Users/johnny/Documents/Projects/WorldBank-API/server/public/docs/assets/img/spinner.gif","size":2685,"duration":0,"success":true,"level":"debug","message":"[ file @ web ]","timestamp":"2015-04-09T19:05:00.586Z"}
{"to":"127.0.0.1","file":"/Users/johnny/Documents/Projects/WorldBank-API/server/public/docs/classes/gameData.html","size":4345,"duration":0,"success":true,"level":"debug","message":"[ file @ web ]","timestamp":"2015-04-09T19:05:00.591Z"}
{"to":"127.0.0.1","file":"{404: not found}","size":null,"duration":null,"success":false,"level":"debug","message":"[ file @ web ]","timestamp":"2015-04-09T19:05:00.629Z"}
